# JRE version: Java(TM) SE Runtime Environment (8.0_91-b14) (build 1.8.0_91-b14)
# Java VM: Java HotSpot(TM) 64-Bit Server VM (25.91-b14 mixed mode windows-amd64 compressed oops)
Heap:
 PSYoungGen      total 410112K, used 46905K [0x00000000e0000000, 0x00000000ff300000, 0x0000000100000000)
  eden space 409600K, 11% used [0x00000000e0000000,0x00000000e2dce5b8,0x00000000f9000000)
  from space 512K, 0% used [0x00000000f9000000,0x00000000f9000000,0x00000000f9080000)
  to   space 50688K, 0% used [0x00000000fc180000,0x00000000fc180000,0x00000000ff300000)
 ParOldGen       total 192000K, used 49112K [0x00000000a0000000, 0x00000000abb80000, 0x00000000e0000000)
  object space 192000K, 25% used [0x00000000a0000000,0x00000000a2ff6108,0x00000000abb80000)
 Metaspace       used 79682K, capacity 83614K, committed 85504K, reserved 1124352K
  class space    used 10060K, capacity 10682K, committed 11264K, reserved 1048576K
GC Heap History (10 events):
Event: 4160.496 GC heap before
{Heap before GC invocations=57 (full 14):
 PSYoungGen      total 465920K, used 165481K [0x00000000e0000000, 0x0000000100000000, 0x0000000100000000)
  eden space 406016K, 40% used [0x00000000e0000000,0x00000000ea19a4b8,0x00000000f8c80000)
  from space 59904K, 0% used [0x00000000fc580000,0x00000000fc580000,0x0000000100000000)
  to   space 58368K, 0% used [0x00000000f8c80000,0x00000000f8c80000,0x00000000fc580000)
 ParOldGen       total 192000K, used 49988K [0x00000000a0000000, 0x00000000abb80000, 0x00000000e0000000)
  object space 192000K, 26% used [0x00000000a0000000,0x00000000a30d13d0,0x00000000abb80000)
 Metaspace       used 80371K, capacity 84116K, committed 85120K, reserved 1124352K
  class space    used 10172K, capacity 10787K, committed 11136K, reserved 1048576K
Event: 4160.501 GC heap after
Heap after GC invocations=57 (full 14):
 PSYoungGen      total 464384K, used 1259K [0x00000000e0000000, 0x0000000100000000, 0x0000000100000000)
  eden space 406016K, 0% used [0x00000000e0000000,0x00000000e0000000,0x00000000f8c80000)
  from space 58368K, 2% used [0x00000000f8c80000,0x00000000f8dbadf0,0x00000000fc580000)
  to   space 56320K, 0% used [0x00000000fc900000,0x00000000fc900000,0x0000000100000000)
 ParOldGen       total 192000K, used 49996K [0x00000000a0000000, 0x00000000abb80000, 0x00000000e0000000)
  object space 192000K, 26% used [0x00000000a0000000,0x00000000a30d33d0,0x00000000abb80000)
 Metaspace       used 80371K, capacity 84116K, committed 85120K, reserved 1124352K
  class space    used 10172K, capacity 10787K, committed 11136K, reserved 1048576K
}
Event: 4160.501 GC heap before
{Heap before GC invocations=58 (full 15):
 PSYoungGen      total 464384K, used 1259K [0x00000000e0000000, 0x0000000100000000, 0x0000000100000000)
  eden space 406016K, 0% used [0x00000000e0000000,0x00000000e0000000,0x00000000f8c80000)
  from space 58368K, 2% used [0x00000000f8c80000,0x00000000f8dbadf0,0x00000000fc580000)
  to   space 56320K, 0% used [0x00000000fc900000,0x00000000fc900000,0x0000000100000000)
 ParOldGen       total 192000K, used 49996K [0x00000000a0000000, 0x00000000abb80000, 0x00000000e0000000)
  object space 192000K, 26% used [0x00000000a0000000,0x00000000a30d33d0,0x00000000abb80000)
 Metaspace       used 80371K, capacity 84116K, committed 85120K, reserved 1124352K
  class space    used 10172K, capacity 10787K, committed 11136K, reserved 1048576K
Event: 4160.795 GC heap after
Heap after GC invocations=58 (full 15):
 PSYoungGen      total 464384K, used 0K [0x00000000e0000000, 0x0000000100000000, 0x0000000100000000)
  eden space 406016K, 0% used [0x00000000e0000000,0x00000000e0000000,0x00000000f8c80000)
  from space 58368K, 0% used [0x00000000f8c80000,0x00000000f8c80000,0x00000000fc580000)
  to   space 56320K, 0% used [0x00000000fc900000,0x00000000fc900000,0x0000000100000000)
 ParOldGen       total 192000K, used 50013K [0x00000000a0000000, 0x00000000abb80000, 0x00000000e0000000)
  object space 192000K, 26% used [0x00000000a0000000,0x00000000a30d75a0,0x00000000abb80000)
 Metaspace       used 80371K, capacity 84116K, committed 85120K, reserved 1124352K
  class space    used 10172K, capacity 10787K, committed 11136K, reserved 1048576K
}
Event: 4480.635 GC heap before
{Heap before GC invocations=59 (full 15):
 PSYoungGen      total 464384K, used 405030K [0x00000000e0000000, 0x0000000100000000, 0x0000000100000000)
  eden space 406016K, 99% used [0x00000000e0000000,0x00000000f8b898e8,0x00000000f8c80000)
  from space 58368K, 0% used [0x00000000f8c80000,0x00000000f8c80000,0x00000000fc580000)
  to   space 56320K, 0% used [0x00000000fc900000,0x00000000fc900000,0x0000000100000000)
 ParOldGen       total 192000K, used 50013K [0x00000000a0000000, 0x00000000abb80000, 0x00000000e0000000)
  object space 192000K, 26% used [0x00000000a0000000,0x00000000a30d75a0,0x00000000abb80000)
 Metaspace       used 80661K, capacity 84866K, committed 85504K, reserved 1124352K
  class space    used 10227K, capacity 10882K, committed 11264K, reserved 1048576K
Event: 4480.643 GC heap after
Heap after GC invocations=59 (full 15):
 PSYoungGen      total 455680K, used 11999K [0x00000000e0000000, 0x00000000ff600000, 0x0000000100000000)
  eden space 409600K, 0% used [0x00000000e0000000,0x00000000e0000000,0x00000000f9000000)
  from space 46080K, 26% used [0x00000000fc900000,0x00000000fd4b7e00,0x00000000ff600000)
  to   space 52224K, 0% used [0x00000000f9000000,0x00000000f9000000,0x00000000fc300000)
 ParOldGen       total 192000K, used 50021K [0x00000000a0000000, 0x00000000abb80000, 0x00000000e0000000)
  object space 192000K, 26% used [0x00000000a0000000,0x00000000a30d95a0,0x00000000abb80000)
 Metaspace       used 80661K, capacity 84866K, committed 85504K, reserved 1124352K
  class space    used 10227K, capacity 10882K, committed 11264K, reserved 1048576K
}
Event: 4480.823 GC heap before
{Heap before GC invocations=60 (full 15):
 PSYoungGen      total 455680K, used 57603K [0x00000000e0000000, 0x00000000ff600000, 0x0000000100000000)
  eden space 409600K, 11% used [0x00000000e0000000,0x00000000e2c89050,0x00000000f9000000)
  from space 46080K, 26% used [0x00000000fc900000,0x00000000fd4b7e00,0x00000000ff600000)
  to   space 52224K, 0% used [0x00000000f9000000,0x00000000f9000000,0x00000000fc300000)
 ParOldGen       total 192000K, used 50021K [0x00000000a0000000, 0x00000000abb80000, 0x00000000e0000000)
  object space 192000K, 26% used [0x00000000a0000000,0x00000000a30d95a0,0x00000000abb80000)
 Metaspace       used 80662K, capacity 84866K, committed 85504K, reserved 1124352K
  class space    used 10227K, capacity 10882K, committed 11264K, reserved 1048576K
Event: 4480.826 GC heap after
Heap after GC invocations=60 (full 15):
 PSYoungGen      total 410112K, used 160K [0x00000000e0000000, 0x00000000ff300000, 0x0000000100000000)
  eden space 409600K, 0% used [0x00000000e0000000,0x00000000e0000000,0x00000000f9000000)
  from space 512K, 31% used [0x00000000f9000000,0x00000000f9028000,0x00000000f9080000)
  to   space 50688K, 0% used [0x00000000fc180000,0x00000000fc180000,0x00000000ff300000)
 ParOldGen       total 192000K, used 50557K [0x00000000a0000000, 0x00000000abb80000, 0x00000000e0000000)
  object space 192000K, 26% used [0x00000000a0000000,0x00000000a315f650,0x00000000abb80000)
 Metaspace       used 80662K, capacity 84866K, committed 85504K, reserved 1124352K
  class space    used 10227K, capacity 10882K, committed 11264K, reserved 1048576K
}
Event: 4480.826 GC heap before
{Heap before GC invocations=61 (full 16):
 PSYoungGen      total 410112K, used 160K [0x00000000e0000000, 0x00000000ff300000, 0x0000000100000000)
  eden space 409600K, 0% used [0x00000000e0000000,0x00000000e0000000,0x00000000f9000000)
  from space 512K, 31% used [0x00000000f9000000,0x00000000f9028000,0x00000000f9080000)
  to   space 50688K, 0% used [0x00000000fc180000,0x00000000fc180000,0x00000000ff300000)
 ParOldGen       total 192000K, used 50557K [0x00000000a0000000, 0x00000000abb80000, 0x00000000e0000000)
  object space 192000K, 26% used [0x00000000a0000000,0x00000000a315f650,0x00000000abb80000)
 Metaspace       used 80662K, capacity 84866K, committed 85504K, reserved 1124352K
  class space    used 10227K, capacity 10882K, committed 11264K, reserved 1048576K
Event: 4481.291 GC heap after
Heap after GC invocations=61 (full 16):
 PSYoungGen      total 410112K, used 0K [0x00000000e0000000, 0x00000000ff300000, 0x0000000100000000)
  eden space 409600K, 0% used [0x00000000e0000000,0x00000000e0000000,0x00000000f9000000)
  from space 512K, 0% used [0x00000000f9000000,0x00000000f9000000,0x00000000f9080000)
  to   space 50688K, 0% used [0x00000000fc180000,0x00000000fc180000,0x00000000ff300000)
 ParOldGen       total 192000K, used 49112K [0x00000000a0000000, 0x00000000abb80000, 0x00000000e0000000)
  object space 192000K, 25% used [0x00000000a0000000,0x00000000a2ff6108,0x00000000abb80000)
 Metaspace       used 79658K, capacity 83614K, committed 85504K, reserved 1124352K
  class space    used 10060K, capacity 10682K, committed 11264K, reserved 1048576K
}

